<?xml version="1.0" encoding="UTF-8"?>
<testsuite xmlns:xsi="http://www.w3.org/2001/XMLSchema-instance" xsi:noNamespaceSchemaLocation="https://maven.apache.org/surefire/maven-surefire-plugin/xsd/surefire-test-report.xsd" name="pr2.org.GraphTest" time="0.143" tests="10" errors="0" skipped="0" failures="0">
  <properties>
[...]
</properties>
  <testcase name="registroExistsObject" classname="pr2.org.GraphTest" time="0.003"/>
  <testcase name="addingEdgeOk" classname="pr2.org.GraphTest" time="0"/>
  <testcase name="containsVertexFail" classname="pr2.org.GraphTest" time="0.001"/>
  <testcase name="addingEdgeFail" classname="pr2.org.GraphTest" time="0.001"/>
  <testcase name="obtainAdjacentsOk" classname="pr2.org.GraphTest" time="0"/>
  <testcase name="onePathFindsAPath" classname="pr2.org.GraphTest" time="0.002"/>
  <testcase name="obtainAdjacentsFail" classname="pr2.org.GraphTest" time="0"/>
  <testcase name="addingVertexOk" classname="pr2.org.GraphTest" time="0"/>
  <testcase name="addingVertexFail" classname="pr2.org.GraphTest" time="0"/>
  <testcase name="containsVertexOk" classname="pr2.org.GraphTest" time="0.001"/>
</testsuite>